<?xml version="1.0" encoding="UTF-8"?>
<testsuite name="com.example.avatarapp.domain.usecase.SearchEpisodesUseCaseTest" tests="3" skipped="0" failures="0" errors="0" timestamp="2026-06-04T11:23:49" hostname="192.168.1.8" time="0.027">
  <properties/>
  <testcase name="invoke with blank query should return empty list and not call repository" classname="com.example.avatarapp.domain.usecase.SearchEpisodesUseCaseTest" time="0.019"/>
  <testcase name="invoke with non-matching query should return empty list" classname="com.example.avatarapp.domain.usecase.SearchEpisodesUseCaseTest" time="0.002"/>
  <testcase name="invoke with matching query should return filtered episodes" classname="com.example.avatarapp.domain.usecase.SearchEpisodesUseCaseTest" time="0.006"/>
  <system-out><![CDATA[]]></system-out>
  <system-err><![CDATA[]]></system-err>
</testsuite>
